<?xml version="1.0" encoding="UTF-8"?>
<testsuite name="com.todo.db.TaskDaoMockTest" tests="11" skipped="0" failures="0" errors="0" timestamp="2026-03-16T18:44:43" hostname="LT2351" time="3.171">
  <properties/>
  <testcase name="Обновление несуществующей задачи — возвращает 0" classname="com.todo.db.TaskDaoMockTest" time="2.927"/>
  <testcase name="Задача помечается как выполненная после обновления" classname="com.todo.db.TaskDaoMockTest" time="0.005"/>
  <testcase name="Получение всех задач на пустой базе — пустой список" classname="com.todo.db.TaskDaoMockTest" time="0.002"/>
  <testcase name="Обновление существующей задачи — возвращает 1 (строка обновлена)" classname="com.todo.db.TaskDaoMockTest" time="0.025"/>
  <testcase name="Метод insert вызывается ровно один раз" classname="com.todo.db.TaskDaoMockTest" time="0.064"/>
  <testcase name="Получение задачи по ID — задача найдена" classname="com.todo.db.TaskDaoMockTest" time="0.002"/>
  <testcase name="Получение всех задач — список не пустой" classname="com.todo.db.TaskDaoMockTest" time="0.003"/>
  <testcase name="Удаление несуществующей задачи — возвращает 0" classname="com.todo.db.TaskDaoMockTest" time="0.003"/>
  <testcase name="Вставка задачи возвращает сгенерированный ID" classname="com.todo.db.TaskDaoMockTest" time="0.003"/>
  <testcase name="Удаление задачи по ID — возвращает 1 (строка удалена)" classname="com.todo.db.TaskDaoMockTest" time="0.003"/>
  <testcase name="Получение задачи по несуществующему ID возвращает null" classname="com.todo.db.TaskDaoMockTest" time="0.003"/>
  <system-out><![CDATA[]]></system-out>
  <system-err><![CDATA[]]></system-err>
</testsuite>
