<?xml version="1.0" encoding="UTF-8"?>
<testsuite name="com.todo.api.TaskApiMockServerTest" tests="9" skipped="0" failures="0" errors="0" timestamp="2026-03-16T18:44:41" hostname="LT2351" time="1.493">
  <properties/>
  <testcase name="DELETE /tasks/{id} — успешное удаление" classname="com.todo.api.TaskApiMockServerTest" time="0.999"/>
  <testcase name="GET /tasks/{id} — задача найдена" classname="com.todo.api.TaskApiMockServerTest" time="0.055"/>
  <testcase name="GET /tasks/{id} — задача не найдена (404)" classname="com.todo.api.TaskApiMockServerTest" time="0.016"/>
  <testcase name="GET /tasks — пустой список" classname="com.todo.api.TaskApiMockServerTest" time="0.017"/>
  <testcase name="DELETE /tasks/{id} — задача не найдена (404)" classname="com.todo.api.TaskApiMockServerTest" time="0.013"/>
  <testcase name="GET /tasks — возвращает список задач" classname="com.todo.api.TaskApiMockServerTest" time="0.012"/>
  <testcase name="POST /tasks — создание новой задачи" classname="com.todo.api.TaskApiMockServerTest" time="0.04"/>
  <testcase name="PUT /tasks/{id} — обновление задачи" classname="com.todo.api.TaskApiMockServerTest" time="0.016"/>
  <testcase name="POST /tasks — сервер возвращает заголовок Content-Type: application/json" classname="com.todo.api.TaskApiMockServerTest" time="0.012"/>
  <system-out><![CDATA[]]></system-out>
  <system-err><![CDATA[]]></system-err>
</testsuite>
